nohup: ignoring input
Traceback (most recent call last):
  File "/root/trading-bot/src/ensemble_predictor.py", line 31, in <module>
    from src.data_registry import DataRegistry as DR
ModuleNotFoundError: No module named 'src'
nohup: ignoring input
/root/trading-bot/src/ensemble_predictor.py:52: DeprecationWarning: datetime.datetime.utcnow() is deprecated and scheduled for removal in a future version. Use timezone-aware objects to represent datetimes in UTC: datetime.datetime.now(datetime.UTC).
  ts = datetime.utcnow().isoformat() + "Z"
/root/trading-bot/src/ensemble_predictor.py:271: DeprecationWarning: datetime.datetime.utcnow() is deprecated and scheduled for removal in a future version. Use timezone-aware objects to represent datetimes in UTC: datetime.datetime.now(datetime.UTC).
  'timestamp': datetime.utcnow().isoformat() + 'Z'
{
  "prob_win": 0.5,
  "confidence": 0.05,
  "size_multiplier": 1.0,
  "components": {
    "gbm": {
      "prob": 0.5,
      "conf": 0.0,
      "weight": 0.3
    },
    "sequence": {
      "prob": 0.5,
      "conf": 0.0,
      "weight": 0.25
    },
    "pattern": {
      "prob": 0.5,
      "conf": 0.2,
      "weight": 0.25
    },
    "sentiment": {
      "prob": 0.5,
      "conf": 0.0,
      "weight": 0.1
    },
    "onchain": {
      "prob": 0.5,
      "conf": 0.0,
      "weight": 0.1
    }
  },
  "symbol": "BTCUSDT",
  "direction": "LONG",
  "timestamp": "2025-12-15T01:24:10.122126Z"
}
nohup: ignoring input
/root/trading-bot/src/ensemble_predictor.py:52: DeprecationWarning: datetime.datetime.utcnow() is deprecated and scheduled for removal in a future version. Use timezone-aware objects to represent datetimes in UTC: datetime.datetime.now(datetime.UTC).
  ts = datetime.utcnow().isoformat() + "Z"
/root/trading-bot/src/ensemble_predictor.py:271: DeprecationWarning: datetime.datetime.utcnow() is deprecated and scheduled for removal in a future version. Use timezone-aware objects to represent datetimes in UTC: datetime.datetime.now(datetime.UTC).
  'timestamp': datetime.utcnow().isoformat() + 'Z'
{
  "prob_win": 0.5,
  "confidence": 0.05,
  "size_multiplier": 1.0,
  "components": {
    "gbm": {
      "prob": 0.5,
      "conf": 0.0,
      "weight": 0.3
    },
    "sequence": {
      "prob": 0.5,
      "conf": 0.0,
      "weight": 0.25
    },
    "pattern": {
      "prob": 0.5,
      "conf": 0.2,
      "weight": 0.25
    },
    "sentiment": {
      "prob": 0.5,
      "conf": 0.0,
      "weight": 0.1
    },
    "onchain": {
      "prob": 0.5,
      "conf": 0.0,
      "weight": 0.1
    }
  },
  "symbol": "BTCUSDT",
  "direction": "LONG",
  "timestamp": "2025-12-15T01:25:34.072539Z"
}
