[2025-12-13T18:20:13.575579Z] Intelligence poller started (interval=60s)
[2025-12-13T18:23:50.266047Z] Intelligence poller started (interval=60s)
[2025-12-13T18:31:40.162297Z] Intelligence poller started (interval=60s)
[2025-12-13T18:41:55.452752Z] 📊 Enhanced intel BTCUSDT: dir=SHORT conf=0.44 funding=0.01000 oi_delta=0.1%
[2025-12-13T18:41:55.453226Z] ⚠️ INTEL-REDUCE BTCUSDT: Signal=LONG conflicts with weak Intel=SHORT (conf=0.44, mult=0.5)
[2025-12-13T18:43:47.728597Z] 📊 Enhanced intel ETHUSDT: dir=NEUTRAL conf=0.04 funding=0.00578 oi_delta=-0.1%
[2025-12-13T18:46:40.403146Z] Intelligence poller started (interval=60s)
[2025-12-13T18:55:03.764888Z] 📊 Enhanced intel BNBUSDT: dir=NEUTRAL conf=0.28 funding=0.00680 oi_delta=-0.6%
[2025-12-13T18:56:53.287506Z] 📊 Enhanced intel ADAUSDT: dir=SHORT conf=0.44 funding=0.00993 oi_delta=-0.2%
[2025-12-13T18:56:53.287783Z] ⚠️ INTEL-REDUCE ADAUSDT: Signal=LONG conflicts with weak Intel=SHORT (conf=0.44, mult=0.5)
[2025-12-13T18:56:55.059664Z] 📊 Enhanced intel DOGEUSDT: dir=NEUTRAL conf=0.20 funding=0.01000 oi_delta=-0.3%
[2025-12-13T18:56:56.363687Z] 📊 Enhanced intel ETHUSDT: dir=NEUTRAL conf=0.04 funding=0.00617 oi_delta=-0.1%
[2025-12-13T18:56:57.421992Z] 📊 Enhanced intel BTCUSDT: dir=SHORT conf=0.44 funding=0.01000 oi_delta=0.1%
[2025-12-13T18:56:57.422067Z] ⚠️ INTEL-REDUCE BTCUSDT: Signal=LONG conflicts with weak Intel=SHORT (conf=0.44, mult=0.5)
[2025-12-13T18:58:42.403146Z] 📊 Enhanced intel SOLUSDT: dir=SHORT conf=0.68 funding=0.00053 oi_delta=0.7%
[2025-12-13T18:58:42.403240Z] ❌ INTEL-BLOCK SOLUSDT: Signal=LONG conflicts with strong Intel=SHORT (conf=0.68)
[2025-12-13T19:02:32.369591Z] 📊 Enhanced intel BNBUSDT: dir=NEUTRAL conf=0.04 funding=0.00666 oi_delta=-0.4%
[2025-12-13T19:08:09.761889Z] 📊 Enhanced intel SOLUSDT: dir=SHORT conf=0.68 funding=0.00098 oi_delta=0.3%
[2025-12-13T19:08:09.762007Z] ❌ INTEL-BLOCK SOLUSDT: Signal=LONG conflicts with strong Intel=SHORT (conf=0.68)
[2025-12-13T19:15:39.103490Z] 📊 Enhanced intel XRPUSDT: dir=NEUTRAL conf=0.20 funding=0.00929 oi_delta=-0.0%
[2025-12-13T19:27:10.854119Z] 📊 Enhanced intel SOLUSDT: dir=SHORT conf=0.68 funding=0.00175 oi_delta=0.1%
[2025-12-13T19:27:10.854214Z] ❌ INTEL-BLOCK SOLUSDT: Signal=LONG conflicts with strong Intel=SHORT (conf=0.68)
[2025-12-13T19:32:55.812916Z] 📊 Enhanced intel XRPUSDT: dir=NEUTRAL conf=0.20 funding=0.00938 oi_delta=-0.3%
[2025-12-13T19:34:55.204556Z] 📊 Enhanced intel BNBUSDT: dir=NEUTRAL conf=0.28 funding=0.00587 oi_delta=-0.1%
[2025-12-13T19:42:39.328839Z] 📊 Enhanced intel ADAUSDT: dir=SHORT conf=0.44 funding=0.00917 oi_delta=-0.6%
[2025-12-13T19:42:39.328967Z] ⚠️ INTEL-REDUCE ADAUSDT: Signal=LONG conflicts with weak Intel=SHORT (conf=0.44, mult=0.5)
[2025-12-13T19:44:34.657527Z] 📊 Enhanced intel DOGEUSDT: dir=NEUTRAL conf=0.04 funding=0.01000 oi_delta=0.1%
[2025-12-13T19:44:35.630539Z] 📊 Enhanced intel ETHUSDT: dir=NEUTRAL conf=0.04 funding=0.00710 oi_delta=-0.1%
[2025-12-13T19:50:23.810421Z] 📊 Enhanced intel BTCUSDT: dir=SHORT conf=0.44 funding=0.01000 oi_delta=-0.1%
[2025-12-13T19:50:23.810517Z] ⚠️ INTEL-REDUCE BTCUSDT: Signal=LONG conflicts with weak Intel=SHORT (conf=0.44, mult=0.5)
[2025-12-13T19:52:20.093692Z] 📊 Enhanced intel BTCUSDT: dir=SHORT conf=0.44 funding=0.01000 oi_delta=-0.0%
[2025-12-13T19:52:20.093776Z] ⚠️ INTEL-REDUCE BTCUSDT: Signal=LONG conflicts with weak Intel=SHORT (conf=0.44, mult=0.5)
[2025-12-13T19:54:12.161464Z] 📊 Enhanced intel BTCUSDT: dir=SHORT conf=0.44 funding=0.01000 oi_delta=0.0%
[2025-12-13T19:54:12.161606Z] ⚠️ INTEL-REDUCE BTCUSDT: Signal=LONG conflicts with weak Intel=SHORT (conf=0.44, mult=0.5)
[2025-12-13T19:58:02.843766Z] 📊 Enhanced intel BTCUSDT: dir=SHORT conf=0.44 funding=0.01000 oi_delta=0.1%
[2025-12-13T19:58:02.843914Z] ⚠️ INTEL-REDUCE BTCUSDT: Signal=LONG conflicts with weak Intel=SHORT (conf=0.44, mult=0.5)
[2025-12-13T20:01:48.116125Z] 📊 Enhanced intel SOLUSDT: dir=SHORT conf=0.44 funding=0.00283 oi_delta=0.2%
[2025-12-13T20:01:48.116221Z] ⚠️ INTEL-REDUCE SOLUSDT: Signal=LONG conflicts with weak Intel=SHORT (conf=0.44, mult=0.5)
[2025-12-13T20:12:36.393775Z] 📊 Enhanced intel BTCUSDT: dir=SHORT conf=0.44 funding=0.01000 oi_delta=-0.1%
[2025-12-13T20:12:36.393853Z] ⚠️ INTEL-REDUCE BTCUSDT: Signal=LONG conflicts with weak Intel=SHORT (conf=0.44, mult=0.5)
[2025-12-13T20:14:30.698379Z] 📊 Enhanced intel BTCUSDT: dir=SHORT conf=0.44 funding=0.01000 oi_delta=-0.0%
[2025-12-13T20:14:30.698481Z] ⚠️ INTEL-REDUCE BTCUSDT: Signal=LONG conflicts with weak Intel=SHORT (conf=0.44, mult=0.5)
[2025-12-13T20:27:41.851732Z] 📊 Enhanced intel ADAUSDT: dir=SHORT conf=0.44 funding=0.00770 oi_delta=0.2%
[2025-12-13T20:27:41.851884Z] ⚠️ INTEL-REDUCE ADAUSDT: Signal=LONG conflicts with weak Intel=SHORT (conf=0.44, mult=0.5)
[2025-12-13T20:27:43.647500Z] 📊 Enhanced intel SOLUSDT: dir=SHORT conf=0.44 funding=0.00324 oi_delta=-0.1%
[2025-12-13T20:27:43.647591Z] ⚠️ INTEL-REDUCE SOLUSDT: Signal=LONG conflicts with weak Intel=SHORT (conf=0.44, mult=0.5)
[2025-12-13T20:27:44.507201Z] 📊 Enhanced intel ETHUSDT: dir=NEUTRAL conf=0.04 funding=0.00725 oi_delta=-0.2%
[2025-12-13T20:27:45.021554Z] 📊 Enhanced intel DOGEUSDT: dir=NEUTRAL conf=0.04 funding=0.01000 oi_delta=0.3%
[2025-12-13T20:27:46.230498Z] 📊 Enhanced intel BNBUSDT: dir=NEUTRAL conf=0.28 funding=0.00498 oi_delta=0.3%
[2025-12-13T20:29:38.079912Z] 📊 Enhanced intel AVAXUSDT: dir=NEUTRAL conf=0.04 funding=0.00893 oi_delta=0.3%
[2025-12-13T20:31:37.183097Z] 📊 Enhanced intel XRPUSDT: dir=NEUTRAL conf=0.20 funding=0.00970 oi_delta=0.4%
[2025-12-13T20:37:29.734935Z] 📊 Enhanced intel AVAXUSDT: dir=NEUTRAL conf=0.04 funding=0.00904 oi_delta=0.2%
[2025-12-13T20:41:16.531385Z] 📊 Enhanced intel AVAXUSDT: dir=NEUTRAL conf=0.04 funding=0.00896 oi_delta=0.1%
[2025-12-13T20:58:22.716332Z] 📊 Enhanced intel DOGEUSDT: dir=NEUTRAL conf=0.04 funding=0.01000 oi_delta=-0.2%
[2025-12-13T21:11:45.421775Z] 📊 Enhanced intel ETHUSDT: dir=NEUTRAL conf=0.04 funding=0.00734 oi_delta=-0.3%
[2025-12-13T21:19:32.805538Z] 📊 Enhanced intel AVAXUSDT: dir=NEUTRAL conf=0.04 funding=0.00844 oi_delta=-0.8%
[2025-12-13T21:21:23.805332Z] 📊 Enhanced intel SOLUSDT: dir=SHORT conf=0.44 funding=0.00348 oi_delta=-0.4%
[2025-12-13T21:21:23.805436Z] ⚠️ INTEL-REDUCE SOLUSDT: Signal=LONG conflicts with weak Intel=SHORT (conf=0.44, mult=0.5)
[2025-12-13T21:21:26.200787Z] 📊 Enhanced intel BNBUSDT: dir=NEUTRAL conf=0.28 funding=0.00372 oi_delta=-0.3%
[2025-12-13T21:25:09.919010Z] 📊 Enhanced intel BNBUSDT: dir=NEUTRAL conf=0.28 funding=0.00364 oi_delta=-0.3%
[2025-12-13T21:27:04.145464Z] 📊 Enhanced intel XRPUSDT: dir=NEUTRAL conf=0.20 funding=0.00863 oi_delta=-0.2%
[2025-12-13T21:42:05.499151Z] 📊 Enhanced intel ADAUSDT: dir=SHORT conf=0.44 funding=0.00485 oi_delta=-1.1%
[2025-12-13T21:42:05.499257Z] ⚠️ INTEL-REDUCE ADAUSDT: Signal=LONG conflicts with weak Intel=SHORT (conf=0.44, mult=0.5)
[2025-12-13T21:47:54.208727Z] 📊 Enhanced intel ETHUSDT: dir=NEUTRAL conf=0.20 funding=0.00819 oi_delta=-0.8%
[2025-12-13T21:49:47.703820Z] 📊 Enhanced intel ETHUSDT: dir=NEUTRAL conf=0.20 funding=0.00821 oi_delta=-1.0%
[2025-12-13T21:51:48.232955Z] 📊 Enhanced intel ETHUSDT: dir=NEUTRAL conf=0.20 funding=0.00813 oi_delta=-1.0%
[2025-12-13T22:04:28.803110Z] 📊 Enhanced intel ADAUSDT: dir=SHORT conf=0.44 funding=0.00353 oi_delta=-0.3%
[2025-12-13T22:04:28.803209Z] ⚠️ INTEL-REDUCE ADAUSDT: Signal=LONG conflicts with weak Intel=SHORT (conf=0.44, mult=0.5)
[2025-12-13T22:40:56.396291Z] 📊 Enhanced intel XRPUSDT: dir=NEUTRAL conf=0.20 funding=0.00676 oi_delta=0.1%
[2025-12-13T22:54:47.604944Z] 📊 Enhanced intel SOLUSDT: dir=SHORT conf=0.68 funding=0.00283 oi_delta=-0.1%
[2025-12-13T22:54:47.605054Z] ✅ INTEL-CONFIRM SOLUSDT: Signal=SHORT aligns with Intel=SHORT (conf=0.68, mult=1.20)
[2025-12-13T23:15:45.409857Z] 📊 Enhanced intel AVAXUSDT: dir=NEUTRAL conf=0.24 funding=0.00202 oi_delta=2.1%
[2025-12-13T23:31:37.891692Z] 📊 Enhanced intel AVAXUSDT: dir=LONG conf=0.44 funding=0.00050 oi_delta=2.0%
[2025-12-13T23:31:37.892255Z] ✅ INTEL-CONFIRM AVAXUSDT: Signal=LONG aligns with Intel=LONG (conf=0.44, mult=1.13)
[2025-12-13T23:33:38.525759Z] 📊 Enhanced intel XRPUSDT: dir=NEUTRAL conf=0.20 funding=0.00597 oi_delta=0.1%
[2025-12-13T23:33:39.414290Z] 📊 Enhanced intel BTCUSDT: dir=SHORT conf=0.44 funding=0.01000 oi_delta=0.4%
[2025-12-13T23:33:39.414383Z] ⚠️ INTEL-REDUCE BTCUSDT: Signal=LONG conflicts with weak Intel=SHORT (conf=0.44, mult=0.5)
[2025-12-13T23:35:38.627279Z] 📊 Enhanced intel ADAUSDT: dir=SHORT conf=0.44 funding=0.00247 oi_delta=0.1%
[2025-12-13T23:35:38.627400Z] ⚠️ INTEL-REDUCE ADAUSDT: Signal=LONG conflicts with weak Intel=SHORT (conf=0.44, mult=0.5)
[2025-12-13T23:35:40.487909Z] 📊 Enhanced intel SOLUSDT: dir=SHORT conf=0.48 funding=-0.00003 oi_delta=0.1%
[2025-12-13T23:35:40.488061Z] ⚠️ INTEL-REDUCE SOLUSDT: Signal=LONG conflicts with weak Intel=SHORT (conf=0.48, mult=0.5)
[2025-12-13T23:35:41.607281Z] 📊 Enhanced intel DOGEUSDT: dir=NEUTRAL conf=0.20 funding=0.01000 oi_delta=-0.2%
[2025-12-13T23:39:40.243874Z] 📊 Enhanced intel BNBUSDT: dir=NEUTRAL conf=0.20 funding=0.00357 oi_delta=-0.2%
[2025-12-13T23:45:38.220829Z] 📊 Enhanced intel DOGEUSDT: dir=NEUTRAL conf=0.20 funding=0.01000 oi_delta=-0.3%
[2025-12-13T23:47:52.930587Z] 📊 Enhanced intel SOLUSDT: dir=NEUTRAL conf=0.28 funding=-0.00064 oi_delta=0.0%
[2025-12-13T23:47:54.066297Z] 📊 Enhanced intel XRPUSDT: dir=NEUTRAL conf=0.20 funding=0.00602 oi_delta=0.2%
[2025-12-13T23:49:55.887106Z] 📊 Enhanced intel ETHUSDT: dir=NEUTRAL conf=0.20 funding=0.00842 oi_delta=0.1%
[2025-12-13T23:59:57.283714Z] 📊 Enhanced intel XRPUSDT: dir=NEUTRAL conf=0.20 funding=0.00583 oi_delta=0.1%
[2025-12-14T00:07:53.988231Z] 📊 Enhanced intel ADAUSDT: dir=SHORT conf=0.44 funding=0.00245 oi_delta=0.4%
[2025-12-14T00:07:53.988317Z] ⚠️ INTEL-REDUCE ADAUSDT: Signal=LONG conflicts with weak Intel=SHORT (conf=0.44, mult=0.5)
[2025-12-14T00:18:08.064220Z] 📊 Enhanced intel XRPUSDT: dir=NEUTRAL conf=0.20 funding=0.00521 oi_delta=0.1%
[2025-12-14T00:20:02.211010Z] 📊 Enhanced intel SOLUSDT: dir=NEUTRAL conf=0.28 funding=-0.00258 oi_delta=0.4%
[2025-12-14T00:31:55.454916Z] 📊 Enhanced intel SOLUSDT: dir=NEUTRAL conf=0.28 funding=-0.00336 oi_delta=0.5%
[2025-12-14T00:33:53.360467Z] 📊 Enhanced intel ETHUSDT: dir=NEUTRAL conf=0.20 funding=0.00835 oi_delta=0.1%
[2025-12-14T00:38:10.261621Z] 📊 Enhanced intel XRPUSDT: dir=NEUTRAL conf=0.20 funding=0.00493 oi_delta=0.3%
[2025-12-14T00:43:10.154790Z] 📊 Enhanced intel DOGEUSDT: dir=NEUTRAL conf=0.20 funding=0.00909 oi_delta=0.1%
[2025-12-14T01:00:44.210013Z] 📊 Enhanced intel ETHUSDT: dir=NEUTRAL conf=0.20 funding=0.00826 oi_delta=0.1%
[2025-12-14T01:00:45.444583Z] 📊 Enhanced intel XRPUSDT: dir=NEUTRAL conf=0.20 funding=0.00468 oi_delta=0.3%
[2025-12-14T01:12:35.928002Z] 📊 Enhanced intel ETHUSDT: dir=NEUTRAL conf=0.20 funding=0.00840 oi_delta=0.3%
[2025-12-14T01:14:32.034854Z] 📊 Enhanced intel DOGEUSDT: dir=NEUTRAL conf=0.20 funding=0.00802 oi_delta=0.5%
[2025-12-14T01:17:42.283708Z] 📊 Enhanced intel XRPUSDT: dir=NEUTRAL conf=0.20 funding=0.00428 oi_delta=0.5%
[2025-12-14T01:30:39.639305Z] 📊 Enhanced intel BTCUSDT: dir=SHORT conf=0.44 funding=0.00957 oi_delta=0.4%
[2025-12-14T01:30:39.639373Z] ⚠️ INTEL-REDUCE BTCUSDT: Signal=LONG conflicts with weak Intel=SHORT (conf=0.44, mult=0.5)
[2025-12-14T01:32:38.032671Z] 📊 Enhanced intel BTCUSDT: dir=SHORT conf=0.44 funding=0.00957 oi_delta=0.5%
[2025-12-14T01:32:38.032793Z] ⚠️ INTEL-REDUCE BTCUSDT: Signal=LONG conflicts with weak Intel=SHORT (conf=0.44, mult=0.5)
[2025-12-14T01:34:38.005786Z] 📊 Enhanced intel BTCUSDT: dir=SHORT conf=0.44 funding=0.00942 oi_delta=0.0%
[2025-12-14T01:34:38.005887Z] ⚠️ INTEL-REDUCE BTCUSDT: Signal=LONG conflicts with weak Intel=SHORT (conf=0.44, mult=0.5)
[2025-12-14T01:38:28.612698Z] 📊 Enhanced intel ADAUSDT: dir=SHORT conf=0.44 funding=0.00111 oi_delta=-0.5%
[2025-12-14T01:38:28.612809Z] ⚠️ INTEL-REDUCE ADAUSDT: Signal=LONG conflicts with weak Intel=SHORT (conf=0.44, mult=0.5)
[2025-12-14T01:38:29.447815Z] 📊 Enhanced intel ETHUSDT: dir=NEUTRAL conf=0.20 funding=0.00802 oi_delta=0.1%
[2025-12-14T01:38:30.527038Z] 📊 Enhanced intel DOGEUSDT: dir=NEUTRAL conf=0.20 funding=0.00744 oi_delta=-0.3%
[2025-12-14T01:38:31.600590Z] 📊 Enhanced intel XRPUSDT: dir=NEUTRAL conf=0.20 funding=0.00383 oi_delta=0.1%
[2025-12-14T01:40:33.427625Z] 📊 Enhanced intel AVAXUSDT: dir=LONG conf=0.44 funding=-0.00423 oi_delta=-0.2%
[2025-12-14T01:40:33.427729Z] ✅ INTEL-CONFIRM AVAXUSDT: Signal=LONG aligns with Intel=LONG (conf=0.44, mult=1.13)
[2025-12-14T01:50:15.968775Z] 📊 Enhanced intel DOGEUSDT: dir=NEUTRAL conf=0.20 funding=0.00737 oi_delta=0.1%
[2025-12-14T02:00:14.184826Z] 📊 Enhanced intel ADAUSDT: dir=SHORT conf=0.44 funding=0.00137 oi_delta=-0.1%
[2025-12-14T02:00:14.184965Z] ⚠️ INTEL-REDUCE ADAUSDT: Signal=LONG conflicts with weak Intel=SHORT (conf=0.44, mult=0.5)
[2025-12-14T02:06:23.356252Z] 📊 Enhanced intel AVAXUSDT: dir=LONG conf=0.44 funding=-0.00511 oi_delta=-0.3%
[2025-12-14T02:06:23.356383Z] ✅ INTEL-CONFIRM AVAXUSDT: Signal=LONG aligns with Intel=LONG (conf=0.44, mult=1.13)
[2025-12-14T02:08:28.641997Z] 📊 Enhanced intel SOLUSDT: dir=NEUTRAL conf=0.28 funding=-0.00740 oi_delta=0.1%
[2025-12-14T02:10:28.632829Z] 📊 Enhanced intel BTCUSDT: dir=SHORT conf=0.44 funding=0.00890 oi_delta=0.1%
[2025-12-14T02:10:28.632896Z] ⚠️ INTEL-REDUCE BTCUSDT: Signal=LONG conflicts with weak Intel=SHORT (conf=0.44, mult=0.5)
[2025-12-14T02:28:50.990850Z] 📊 Enhanced intel SOLUSDT: dir=NEUTRAL conf=0.28 funding=-0.00755 oi_delta=0.0%
[2025-12-14T02:30:52.569781Z] 📊 Enhanced intel BTCUSDT: dir=SHORT conf=0.44 funding=0.00845 oi_delta=0.1%
[2025-12-14T02:30:52.569869Z] ⚠️ INTEL-REDUCE BTCUSDT: Signal=LONG conflicts with weak Intel=SHORT (conf=0.44, mult=0.5)
[2025-12-14T02:47:21.113588Z] 📊 Enhanced intel ADAUSDT: dir=SHORT conf=0.44 funding=0.00263 oi_delta=0.6%
[2025-12-14T02:47:21.113713Z] ⚠️ INTEL-REDUCE ADAUSDT: Signal=LONG conflicts with weak Intel=SHORT (conf=0.44, mult=0.5)
[2025-12-14T02:47:21.997651Z] 📊 Enhanced intel AVAXUSDT: dir=LONG conf=0.44 funding=-0.00653 oi_delta=-0.1%
[2025-12-14T02:47:21.997745Z] ✅ INTEL-CONFIRM AVAXUSDT: Signal=LONG aligns with Intel=LONG (conf=0.44, mult=1.13)
[2025-12-14T02:47:22.841115Z] 📊 Enhanced intel SOLUSDT: dir=NEUTRAL conf=0.28 funding=-0.00777 oi_delta=0.1%
[2025-12-14T02:47:26.679518Z] 📊 Enhanced intel BTCUSDT: dir=SHORT conf=0.44 funding=0.00813 oi_delta=0.2%
[2025-12-14T02:47:26.679620Z] ⚠️ INTEL-REDUCE BTCUSDT: Signal=LONG conflicts with weak Intel=SHORT (conf=0.44, mult=0.5)
[2025-12-14T02:49:29.669454Z] 📊 Enhanced intel BNBUSDT: dir=NEUTRAL conf=0.20 funding=0.00195 oi_delta=0.0%
[2025-12-14T02:51:27.391137Z] 📊 Enhanced intel ETHUSDT: dir=NEUTRAL conf=0.20 funding=0.00671 oi_delta=0.1%
[2025-12-14T03:10:53.320173Z] 📊 Enhanced intel DOGEUSDT: dir=NEUTRAL conf=0.20 funding=0.00606 oi_delta=0.3%
[2025-12-14T03:10:54.348604Z] 📊 Enhanced intel ADAUSDT: dir=SHORT conf=0.44 funding=0.00295 oi_delta=-0.1%
[2025-12-14T03:10:54.348670Z] ⚠️ INTEL-REDUCE ADAUSDT: Signal=LONG conflicts with weak Intel=SHORT (conf=0.44, mult=0.5)
[2025-12-14T03:17:08.392434Z] 📊 Enhanced intel BTCUSDT: dir=SHORT conf=0.44 funding=0.00689 oi_delta=0.1%
[2025-12-14T03:17:08.392500Z] ⚠️ INTEL-REDUCE BTCUSDT: Signal=LONG conflicts with weak Intel=SHORT (conf=0.44, mult=0.5)
[2025-12-14T03:41:24.416237Z] 📊 Enhanced intel BTCUSDT: dir=SHORT conf=0.44 funding=0.00585 oi_delta=-0.0%
[2025-12-14T03:41:24.416318Z] ✅ INTEL-CONFIRM BTCUSDT: Signal=SHORT aligns with Intel=SHORT (conf=0.44, mult=1.13)
[2025-12-14T03:43:28.098036Z] 📊 Enhanced intel ETHUSDT: dir=NEUTRAL conf=0.20 funding=0.00541 oi_delta=0.0%
[2025-12-14T03:43:29.897736Z] 📊 Enhanced intel BNBUSDT: dir=NEUTRAL conf=0.20 funding=0.00146 oi_delta=0.3%
[2025-12-14T03:46:29.374544Z] 📊 Enhanced intel BTCUSDT: dir=SHORT conf=0.44 funding=0.00569 oi_delta=-0.1%
[2025-12-14T03:46:29.374610Z] ⚠️ INTEL-REDUCE BTCUSDT: Signal=LONG conflicts with weak Intel=SHORT (conf=0.44, mult=0.5)
[2025-12-14T03:48:27.277205Z] 📊 Enhanced intel SOLUSDT: dir=NEUTRAL conf=0.28 funding=-0.00869 oi_delta=-0.2%
[2025-12-14T03:48:28.981205Z] 📊 Enhanced intel BTCUSDT: dir=SHORT conf=0.44 funding=0.00558 oi_delta=-0.1%
[2025-12-14T03:48:28.981297Z] ⚠️ INTEL-REDUCE BTCUSDT: Signal=LONG conflicts with weak Intel=SHORT (conf=0.44, mult=0.5)
[2025-12-14T03:54:42.318882Z] 📊 Enhanced intel BTCUSDT: dir=SHORT conf=0.44 funding=0.00543 oi_delta=-0.0%
[2025-12-14T03:54:42.318969Z] ⚠️ INTEL-REDUCE BTCUSDT: Signal=LONG conflicts with weak Intel=SHORT (conf=0.44, mult=0.5)
[2025-12-14T04:00:33.104577Z] 📊 Enhanced intel BNBUSDT: dir=NEUTRAL conf=0.20 funding=0.00135 oi_delta=-0.1%
[2025-12-14T04:06:37.042420Z] 📊 Enhanced intel BNBUSDT: dir=NEUTRAL conf=0.20 funding=0.00130 oi_delta=-0.1%
[2025-12-14T04:11:39.959315Z] 📊 Enhanced intel XRPUSDT: dir=NEUTRAL conf=0.00 funding=-0.00012 oi_delta=-0.1%
[2025-12-14T04:13:39.982913Z] 📊 Enhanced intel ETHUSDT: dir=NEUTRAL conf=0.20 funding=0.00506 oi_delta=-0.2%
[2025-12-14T04:15:37.845118Z] 📊 Enhanced intel DOGEUSDT: dir=NEUTRAL conf=0.20 funding=0.00451 oi_delta=0.1%
[2025-12-14T04:15:39.607097Z] 📊 Enhanced intel BTCUSDT: dir=SHORT conf=0.44 funding=0.00490 oi_delta=0.0%
[2025-12-14T04:15:39.607166Z] ⚠️ INTEL-REDUCE BTCUSDT: Signal=LONG conflicts with weak Intel=SHORT (conf=0.44, mult=0.5)
[2025-12-14T04:17:38.586392Z] 📊 Enhanced intel SOLUSDT: dir=NEUTRAL conf=0.28 funding=-0.00906 oi_delta=-0.2%
[2025-12-14T04:19:39.674870Z] 📊 Enhanced intel DOGEUSDT: dir=NEUTRAL conf=0.20 funding=0.00446 oi_delta=0.3%
[2025-12-14T04:27:37.062945Z] 📊 Enhanced intel BTCUSDT: dir=SHORT conf=0.44 funding=0.00477 oi_delta=0.1%
[2025-12-14T04:27:37.063022Z] ⚠️ INTEL-REDUCE BTCUSDT: Signal=LONG conflicts with weak Intel=SHORT (conf=0.44, mult=0.5)
[2025-12-14T04:35:59.670995Z] 📊 Enhanced intel XRPUSDT: dir=NEUTRAL conf=0.00 funding=-0.00022 oi_delta=0.0%
[2025-12-14T04:46:06.985941Z] 📊 Enhanced intel BTCUSDT: dir=SHORT conf=0.44 funding=0.00447 oi_delta=-0.2%
[2025-12-14T04:46:06.986036Z] ⚠️ INTEL-REDUCE BTCUSDT: Signal=LONG conflicts with weak Intel=SHORT (conf=0.44, mult=0.5)
[2025-12-14T05:04:47.166623Z] 📊 Enhanced intel SOLUSDT: dir=NEUTRAL conf=0.28 funding=-0.00833 oi_delta=-0.3%
[2025-12-14T05:04:48.339837Z] 📊 Enhanced intel BTCUSDT: dir=SHORT conf=0.44 funding=0.00412 oi_delta=-0.1%
[2025-12-14T05:04:48.339909Z] ⚠️ INTEL-REDUCE BTCUSDT: Signal=LONG conflicts with weak Intel=SHORT (conf=0.44, mult=0.5)
[2025-12-14T05:08:45.122352Z] 📊 Enhanced intel ETHUSDT: dir=NEUTRAL conf=0.20 funding=0.00526 oi_delta=-0.1%
[2025-12-14T05:08:46.001169Z] 📊 Enhanced intel BTCUSDT: dir=SHORT conf=0.44 funding=0.00415 oi_delta=-0.2%
[2025-12-14T05:08:46.001264Z] ⚠️ INTEL-REDUCE BTCUSDT: Signal=LONG conflicts with weak Intel=SHORT (conf=0.44, mult=0.5)
[2025-12-14T05:14:30.501241Z] 📊 Enhanced intel DOGEUSDT: dir=NEUTRAL conf=0.20 funding=0.00365 oi_delta=-1.2%
[2025-12-14T05:14:31.369270Z] 📊 Enhanced intel SOLUSDT: dir=NEUTRAL conf=0.28 funding=-0.00784 oi_delta=-0.5%
[2025-12-14T05:14:32.184680Z] 📊 Enhanced intel ETHUSDT: dir=NEUTRAL conf=0.20 funding=0.00512 oi_delta=-0.1%
[2025-12-14T05:16:26.361164Z] 📊 Enhanced intel ETHUSDT: dir=NEUTRAL conf=0.20 funding=0.00512 oi_delta=-0.3%
[2025-12-14T05:18:23.136163Z] 📊 Enhanced intel BNBUSDT: dir=NEUTRAL conf=0.00 funding=0.00007 oi_delta=-0.2%
[2025-12-14T05:24:27.260359Z] 📊 Enhanced intel ADAUSDT: dir=SHORT conf=0.44 funding=0.00105 oi_delta=-0.5%
[2025-12-14T05:24:27.260438Z] ⚠️ INTEL-REDUCE ADAUSDT: Signal=LONG conflicts with weak Intel=SHORT (conf=0.44, mult=0.5)
[2025-12-14T05:24:29.245030Z] 📊 Enhanced intel ETHUSDT: dir=NEUTRAL conf=0.20 funding=0.00505 oi_delta=-0.3%
[2025-12-14T05:26:27.213137Z] 📊 Enhanced intel BTCUSDT: dir=SHORT conf=0.44 funding=0.00390 oi_delta=-0.3%
[2025-12-14T05:26:27.213217Z] ⚠️ INTEL-REDUCE BTCUSDT: Signal=LONG conflicts with weak Intel=SHORT (conf=0.44, mult=0.5)
[2025-12-14T05:35:57.686366Z] 📊 Enhanced intel AVAXUSDT: dir=NEUTRAL conf=0.20 funding=-0.00437 oi_delta=-0.9%
[2025-12-14T05:37:49.147735Z] 📊 Enhanced intel ETHUSDT: dir=NEUTRAL conf=0.20 funding=0.00496 oi_delta=-0.2%
[2025-12-14T05:49:16.408104Z] 📊 Enhanced intel BNBUSDT: dir=NEUTRAL conf=0.00 funding=0.00000 oi_delta=-0.2%
[2025-12-14T06:22:46.134722Z] 📊 Enhanced intel BTCUSDT: dir=SHORT conf=0.44 funding=0.00278 oi_delta=0.1%
[2025-12-14T06:22:46.134817Z] ⚠️ INTEL-REDUCE BTCUSDT: Signal=LONG conflicts with weak Intel=SHORT (conf=0.44, mult=0.5)
[2025-12-14T06:46:40.904053Z] 📊 Enhanced intel ADAUSDT: dir=SHORT conf=0.44 funding=0.00317 oi_delta=0.2%
[2025-12-14T06:46:40.904120Z] ⚠️ INTEL-REDUCE ADAUSDT: Signal=LONG conflicts with weak Intel=SHORT (conf=0.44, mult=0.5)
[2025-12-14T06:46:43.710032Z] 📊 Enhanced intel ETHUSDT: dir=NEUTRAL conf=0.20 funding=0.00460 oi_delta=-0.0%
[2025-12-14T06:48:41.943660Z] 📊 Enhanced intel BNBUSDT: dir=NEUTRAL conf=0.00 funding=0.00000 oi_delta=0.1%
[2025-12-14T06:50:43.279959Z] 📊 Enhanced intel BTCUSDT: dir=SHORT conf=0.44 funding=0.00261 oi_delta=0.0%
[2025-12-14T06:50:43.280092Z] ⚠️ INTEL-REDUCE BTCUSDT: Signal=LONG conflicts with weak Intel=SHORT (conf=0.44, mult=0.5)
[2025-12-14T06:52:40.128853Z] 📊 Enhanced intel BTCUSDT: dir=SHORT conf=0.44 funding=0.00258 oi_delta=0.0%
[2025-12-14T06:52:40.128963Z] ⚠️ INTEL-REDUCE BTCUSDT: Signal=LONG conflicts with weak Intel=SHORT (conf=0.44, mult=0.5)
[2025-12-14T06:54:32.697360Z] 📊 Enhanced intel BTCUSDT: dir=SHORT conf=0.44 funding=0.00258 oi_delta=0.0%
[2025-12-14T06:54:32.697491Z] ⚠️ INTEL-REDUCE BTCUSDT: Signal=LONG conflicts with weak Intel=SHORT (conf=0.44, mult=0.5)
[2025-12-14T06:56:22.777731Z] 📊 Enhanced intel DOGEUSDT: dir=SHORT conf=0.44 funding=0.00383 oi_delta=-0.4%
[2025-12-14T06:56:22.777824Z] ⚠️ INTEL-REDUCE DOGEUSDT: Signal=LONG conflicts with weak Intel=SHORT (conf=0.44, mult=0.5)
[2025-12-14T07:08:08.786694Z] 📊 Enhanced intel AVAXUSDT: dir=NEUTRAL conf=0.04 funding=-0.00581 oi_delta=0.2%
[2025-12-14T07:18:04.089100Z] 📊 Enhanced intel DOGEUSDT: dir=SHORT conf=0.44 funding=0.00420 oi_delta=-0.3%
[2025-12-14T07:18:04.089202Z] ⚠️ INTEL-REDUCE DOGEUSDT: Signal=LONG conflicts with weak Intel=SHORT (conf=0.44, mult=0.5)
[2025-12-14T07:18:06.529665Z] 📊 Enhanced intel AVAXUSDT: dir=NEUTRAL conf=0.04 funding=-0.00631 oi_delta=0.2%
[2025-12-14T07:18:07.418789Z] 📊 Enhanced intel ETHUSDT: dir=NEUTRAL conf=0.20 funding=0.00461 oi_delta=0.0%
[2025-12-14T07:24:01.785317Z] 📊 Enhanced intel BNBUSDT: dir=NEUTRAL conf=0.00 funding=0.00000 oi_delta=0.3%
[2025-12-14T07:25:58.014093Z] 📊 Enhanced intel BTCUSDT: dir=SHORT conf=0.44 funding=0.00241 oi_delta=0.2%
[2025-12-14T07:25:58.014163Z] ⚠️ INTEL-REDUCE BTCUSDT: Signal=LONG conflicts with weak Intel=SHORT (conf=0.44, mult=0.5)
[2025-12-14T07:33:38.710156Z] 📊 Enhanced intel ADAUSDT: dir=SHORT conf=0.44 funding=0.00527 oi_delta=0.3%
[2025-12-14T07:33:38.710241Z] ⚠️ INTEL-REDUCE ADAUSDT: Signal=LONG conflicts with weak Intel=SHORT (conf=0.44, mult=0.5)
[2025-12-14T07:39:41.705287Z] 📊 Enhanced intel ADAUSDT: dir=SHORT conf=0.44 funding=0.00545 oi_delta=0.4%
[2025-12-14T07:39:41.705353Z] ⚠️ INTEL-REDUCE ADAUSDT: Signal=LONG conflicts with weak Intel=SHORT (conf=0.44, mult=0.5)
[2025-12-14T07:41:44.671472Z] 📊 Enhanced intel XRPUSDT: dir=NEUTRAL conf=0.24 funding=0.00042 oi_delta=0.4%
[2025-12-14T07:45:44.162052Z] 📊 Enhanced intel ADAUSDT: dir=SHORT conf=0.44 funding=0.00577 oi_delta=0.1%
[2025-12-14T07:45:44.162174Z] ✅ INTEL-CONFIRM ADAUSDT: Signal=SHORT aligns with Intel=SHORT (conf=0.44, mult=1.13)
[2025-12-14T07:45:48.210478Z] 📊 Enhanced intel BNBUSDT: dir=NEUTRAL conf=0.00 funding=0.00000 oi_delta=0.2%
[2025-12-14T08:00:06.605433Z] 📊 Enhanced intel BTCUSDT: dir=SHORT conf=0.44 funding=0.00293 oi_delta=0.1%
[2025-12-14T08:00:06.605561Z] ⚠️ INTEL-REDUCE BTCUSDT: Signal=LONG conflicts with weak Intel=SHORT (conf=0.44, mult=0.5)
[2025-12-14T08:04:02.182665Z] 📊 Enhanced intel ADAUSDT: dir=SHORT conf=0.44 funding=0.00671 oi_delta=0.6%
[2025-12-14T08:04:02.182768Z] ⚠️ INTEL-REDUCE ADAUSDT: Signal=LONG conflicts with weak Intel=SHORT (conf=0.44, mult=0.5)
[2025-12-14T08:04:03.678749Z] 📊 Enhanced intel AVAXUSDT: dir=NEUTRAL conf=0.04 funding=-0.00657 oi_delta=0.3%
[2025-12-14T08:04:06.361104Z] 📊 Enhanced intel BNBUSDT: dir=NEUTRAL conf=0.00 funding=0.00000 oi_delta=0.0%
[2025-12-14T08:16:51.908627Z] 📊 Enhanced intel BTCUSDT: dir=SHORT conf=0.44 funding=0.00269 oi_delta=0.0%
[2025-12-14T08:16:51.908732Z] ⚠️ INTEL-REDUCE BTCUSDT: Signal=LONG conflicts with weak Intel=SHORT (conf=0.44, mult=0.5)
[2025-12-14T08:19:00.343251Z] 📊 Enhanced intel AVAXUSDT: dir=NEUTRAL conf=0.04 funding=-0.00699 oi_delta=0.4%
[2025-12-14T08:19:01.523653Z] 📊 Enhanced intel SOLUSDT: dir=NEUTRAL conf=0.28 funding=-0.00213 oi_delta=0.3%
[2025-12-14T08:20:59.036913Z] 📊 Enhanced intel ADAUSDT: dir=SHORT conf=0.44 funding=0.00692 oi_delta=0.6%
[2025-12-14T08:20:59.037033Z] ⚠️ INTEL-REDUCE ADAUSDT: Signal=LONG conflicts with weak Intel=SHORT (conf=0.44, mult=0.5)
[2025-12-14T08:23:11.116288Z] 📊 Enhanced intel XRPUSDT: dir=SHORT conf=0.44 funding=0.00200 oi_delta=0.2%
[2025-12-14T08:23:11.116371Z] ⚠️ INTEL-REDUCE XRPUSDT: Signal=LONG conflicts with weak Intel=SHORT (conf=0.44, mult=0.5)
[2025-12-14T08:25:18.889310Z] 📊 Enhanced intel ADAUSDT: dir=SHORT conf=0.44 funding=0.00700 oi_delta=0.8%
[2025-12-14T08:25:18.889418Z] ⚠️ INTEL-REDUCE ADAUSDT: Signal=LONG conflicts with weak Intel=SHORT (conf=0.44, mult=0.5)
[2025-12-14T08:25:21.748597Z] 📊 Enhanced intel ETHUSDT: dir=SHORT conf=0.44 funding=0.00520 oi_delta=0.1%
[2025-12-14T08:25:21.748663Z] ⚠️ INTEL-REDUCE ETHUSDT: Signal=LONG conflicts with weak Intel=SHORT (conf=0.44, mult=0.5)
[2025-12-14T08:25:22.664487Z] 📊 Enhanced intel BTCUSDT: dir=SHORT conf=0.44 funding=0.00246 oi_delta=0.3%
[2025-12-14T08:25:22.664579Z] ⚠️ INTEL-REDUCE BTCUSDT: Signal=LONG conflicts with weak Intel=SHORT (conf=0.44, mult=0.5)
[2025-12-14T08:33:55.530626Z] 📊 Enhanced intel BNBUSDT: dir=NEUTRAL conf=0.00 funding=0.00000 oi_delta=0.6%
[2025-12-14T08:35:59.446240Z] 📊 Enhanced intel BTCUSDT: dir=SHORT conf=0.44 funding=0.00243 oi_delta=0.2%
[2025-12-14T08:35:59.446324Z] ⚠️ INTEL-REDUCE BTCUSDT: Signal=LONG conflicts with weak Intel=SHORT (conf=0.44, mult=0.5)
[2025-12-14T08:42:00.627791Z] 📊 Enhanced intel ADAUSDT: dir=SHORT conf=0.44 funding=0.00737 oi_delta=0.5%
[2025-12-14T08:42:00.627882Z] ⚠️ INTEL-REDUCE ADAUSDT: Signal=LONG conflicts with weak Intel=SHORT (conf=0.44, mult=0.5)
[2025-12-14T08:44:10.524135Z] 📊 Enhanced intel BTCUSDT: dir=SHORT conf=0.44 funding=0.00241 oi_delta=0.2%
[2025-12-14T08:44:10.524200Z] ⚠️ INTEL-REDUCE BTCUSDT: Signal=LONG conflicts with weak Intel=SHORT (conf=0.44, mult=0.5)
[2025-12-14T08:50:28.531130Z] 📊 Enhanced intel DOGEUSDT: dir=SHORT conf=0.44 funding=0.00447 oi_delta=-0.1%
[2025-12-14T08:50:28.531237Z] ⚠️ INTEL-REDUCE DOGEUSDT: Signal=LONG conflicts with weak Intel=SHORT (conf=0.44, mult=0.5)
[2025-12-14T08:50:30.191049Z] 📊 Enhanced intel ETHUSDT: dir=SHORT conf=0.44 funding=0.00484 oi_delta=-0.1%
[2025-12-14T08:50:30.191136Z] ⚠️ INTEL-REDUCE ETHUSDT: Signal=LONG conflicts with weak Intel=SHORT (conf=0.44, mult=0.5)
[2025-12-14T08:52:36.863254Z] 📊 Enhanced intel ETHUSDT: dir=SHORT conf=0.44 funding=0.00483 oi_delta=-0.2%
[2025-12-14T08:52:36.863340Z] ⚠️ INTEL-REDUCE ETHUSDT: Signal=LONG conflicts with weak Intel=SHORT (conf=0.44, mult=0.5)
[2025-12-14T08:56:41.248523Z] 📊 Enhanced intel DOGEUSDT: dir=SHORT conf=0.44 funding=0.00447 oi_delta=0.0%
[2025-12-14T08:56:41.248600Z] ⚠️ INTEL-REDUCE DOGEUSDT: Signal=LONG conflicts with weak Intel=SHORT (conf=0.44, mult=0.5)
[2025-12-14T09:02:53.349476Z] 📊 Enhanced intel ADAUSDT: dir=SHORT conf=0.44 funding=0.00745 oi_delta=-0.1%
[2025-12-14T09:02:53.349588Z] ⚠️ INTEL-REDUCE ADAUSDT: Signal=LONG conflicts with weak Intel=SHORT (conf=0.44, mult=0.5)
[2025-12-14T09:02:56.073640Z] 📊 Enhanced intel XRPUSDT: dir=SHORT conf=0.44 funding=0.00230 oi_delta=-0.1%
[2025-12-14T09:02:56.073731Z] ⚠️ INTEL-REDUCE XRPUSDT: Signal=LONG conflicts with weak Intel=SHORT (conf=0.44, mult=0.5)
[2025-12-14T09:27:56.884844Z] 📊 Enhanced intel DOGEUSDT: dir=SHORT conf=0.44 funding=0.00408 oi_delta=-0.4%
[2025-12-14T09:27:56.884978Z] ⚠️ INTEL-REDUCE DOGEUSDT: Signal=LONG conflicts with weak Intel=SHORT (conf=0.44, mult=0.5)
[2025-12-14T09:32:09.823647Z] 📊 Enhanced intel DOGEUSDT: dir=SHORT conf=0.44 funding=0.00397 oi_delta=-0.6%
[2025-12-14T09:32:09.823755Z] ⚠️ INTEL-REDUCE DOGEUSDT: Signal=LONG conflicts with weak Intel=SHORT (conf=0.44, mult=0.5)
[2025-12-14T09:34:22.445720Z] 📊 Enhanced intel DOGEUSDT: dir=SHORT conf=0.44 funding=0.00392 oi_delta=-0.6%
[2025-12-14T09:34:22.445791Z] ⚠️ INTEL-REDUCE DOGEUSDT: Signal=LONG conflicts with weak Intel=SHORT (conf=0.44, mult=0.5)
[2025-12-14T09:38:28.724499Z] 📊 Enhanced intel SOLUSDT: dir=NEUTRAL conf=0.28 funding=-0.00405 oi_delta=-0.6%
[2025-12-14T09:40:33.374913Z] 📊 Enhanced intel ADAUSDT: dir=SHORT conf=0.44 funding=0.00750 oi_delta=-0.1%
[2025-12-14T09:40:33.375060Z] ⚠️ INTEL-REDUCE ADAUSDT: Signal=LONG conflicts with weak Intel=SHORT (conf=0.44, mult=0.5)
[2025-12-14T09:40:35.771981Z] 📊 Enhanced intel ETHUSDT: dir=SHORT conf=0.44 funding=0.00553 oi_delta=-0.3%
[2025-12-14T09:40:35.772076Z] ⚠️ INTEL-REDUCE ETHUSDT: Signal=LONG conflicts with weak Intel=SHORT (conf=0.44, mult=0.5)
[2025-12-14T09:46:41.897564Z] 📊 Enhanced intel BNBUSDT: dir=NEUTRAL conf=0.00 funding=0.00000 oi_delta=-1.0%
[2025-12-14T09:55:00.430499Z] 📊 Enhanced intel ETHUSDT: dir=SHORT conf=0.44 funding=0.00549 oi_delta=-0.2%
[2025-12-14T09:55:00.430611Z] ⚠️ INTEL-REDUCE ETHUSDT: Signal=LONG conflicts with weak Intel=SHORT (conf=0.44, mult=0.5)
[2025-12-14T10:27:04.095703Z] 📊 Enhanced intel BNBUSDT: dir=NEUTRAL conf=0.00 funding=0.00008 oi_delta=-0.5%
[2025-12-14T10:37:15.545090Z] 📊 Enhanced intel ETHUSDT: dir=SHORT conf=0.44 funding=0.00542 oi_delta=-0.2%
[2025-12-14T10:37:15.545171Z] ⚠️ INTEL-REDUCE ETHUSDT: Signal=LONG conflicts with weak Intel=SHORT (conf=0.44, mult=0.5)
[2025-12-14T10:49:45.744735Z] 📊 Enhanced intel AVAXUSDT: dir=NEUTRAL conf=0.04 funding=-0.01244 oi_delta=0.0%
[2025-12-14T10:54:01.346896Z] 📊 Enhanced intel AVAXUSDT: dir=NEUTRAL conf=0.04 funding=-0.01248 oi_delta=0.2%
[2025-12-14T10:54:02.741558Z] 📊 Enhanced intel XRPUSDT: dir=SHORT conf=0.44 funding=0.00130 oi_delta=-0.4%
[2025-12-14T10:54:02.741670Z] ⚠️ INTEL-REDUCE XRPUSDT: Signal=LONG conflicts with weak Intel=SHORT (conf=0.44, mult=0.5)
[2025-12-14T11:00:28.803264Z] 📊 Enhanced intel ADAUSDT: dir=SHORT conf=0.44 funding=0.00739 oi_delta=-0.4%
[2025-12-14T11:00:28.803388Z] ⚠️ INTEL-REDUCE ADAUSDT: Signal=LONG conflicts with weak Intel=SHORT (conf=0.44, mult=0.5)
[2025-12-14T11:00:32.183179Z] 📊 Enhanced intel XRPUSDT: dir=SHORT conf=0.44 funding=0.00118 oi_delta=-0.3%
[2025-12-14T11:00:32.183243Z] ⚠️ INTEL-REDUCE XRPUSDT: Signal=LONG conflicts with weak Intel=SHORT (conf=0.44, mult=0.5)
[2025-12-14T11:02:29.125433Z] 📊 Enhanced intel XRPUSDT: dir=SHORT conf=0.44 funding=0.00108 oi_delta=0.7%
[2025-12-14T11:02:29.125536Z] ⚠️ INTEL-REDUCE XRPUSDT: Signal=LONG conflicts with weak Intel=SHORT (conf=0.44, mult=0.5)
[2025-12-14T11:04:29.655014Z] 📊 Enhanced intel AVAXUSDT: dir=NEUTRAL conf=0.04 funding=-0.01228 oi_delta=0.1%
[2025-12-14T11:06:27.713712Z] 📊 Enhanced intel AVAXUSDT: dir=NEUTRAL conf=0.04 funding=-0.01232 oi_delta=0.1%
[2025-12-14T11:08:30.615740Z] 📊 Enhanced intel AVAXUSDT: dir=NEUTRAL conf=0.04 funding=-0.01240 oi_delta=0.0%
[2025-12-14T11:12:55.770730Z] 📊 Enhanced intel ADAUSDT: dir=SHORT conf=0.44 funding=0.00692 oi_delta=-1.0%
[2025-12-14T11:12:55.770836Z] ⚠️ INTEL-REDUCE ADAUSDT: Signal=LONG conflicts with weak Intel=SHORT (conf=0.44, mult=0.5)
[2025-12-14T11:19:24.947179Z] 📊 Enhanced intel ADAUSDT: dir=SHORT conf=0.44 funding=0.00683 oi_delta=-0.0%
[2025-12-14T11:19:24.947270Z] ⚠️ INTEL-REDUCE ADAUSDT: Signal=LONG conflicts with weak Intel=SHORT (conf=0.44, mult=0.5)
[2025-12-14T11:25:37.840905Z] 📊 Enhanced intel ADAUSDT: dir=SHORT conf=0.44 funding=0.00649 oi_delta=-1.4%
[2025-12-14T11:25:37.841036Z] ⚠️ INTEL-REDUCE ADAUSDT: Signal=LONG conflicts with weak Intel=SHORT (conf=0.44, mult=0.5)
[2025-12-14T11:35:55.013792Z] 📊 Enhanced intel ADAUSDT: dir=SHORT conf=0.44 funding=0.00604 oi_delta=-1.7%
[2025-12-14T11:35:55.013901Z] ⚠️ INTEL-REDUCE ADAUSDT: Signal=LONG conflicts with weak Intel=SHORT (conf=0.44, mult=0.5)
[2025-12-14T11:51:08.972127Z] 📊 Enhanced intel XRPUSDT: dir=SHORT conf=0.68 funding=0.00051 oi_delta=0.8%
[2025-12-14T11:51:08.972212Z] ❌ INTEL-BLOCK XRPUSDT: Signal=LONG conflicts with strong Intel=SHORT (conf=0.68)
[2025-12-14T11:51:10.145738Z] 📊 Enhanced intel BNBUSDT: dir=NEUTRAL conf=0.24 funding=0.00000 oi_delta=-0.5%
[2025-12-14T11:55:30.996283Z] 📊 Enhanced intel BTCUSDT: dir=SHORT conf=0.44 funding=0.00379 oi_delta=-0.6%
[2025-12-14T11:55:30.996378Z] ⚠️ INTEL-REDUCE BTCUSDT: Signal=LONG conflicts with weak Intel=SHORT (conf=0.44, mult=0.5)
[2025-12-14T11:57:35.099502Z] 📊 Enhanced intel SOLUSDT: dir=NEUTRAL conf=0.28 funding=-0.00761 oi_delta=-0.6%
[2025-12-14T11:57:36.398240Z] 📊 Enhanced intel XRPUSDT: dir=SHORT conf=0.48 funding=0.00033 oi_delta=0.9%
[2025-12-14T11:57:36.398305Z] ⚠️ INTEL-REDUCE XRPUSDT: Signal=LONG conflicts with weak Intel=SHORT (conf=0.48, mult=0.5)
[2025-12-14T11:59:42.205219Z] 📊 Enhanced intel BNBUSDT: dir=NEUTRAL conf=0.24 funding=0.00000 oi_delta=-0.6%
[2025-12-14T12:09:24.020840Z] 📊 Enhanced intel XRPUSDT: dir=SHORT conf=0.48 funding=-0.00008 oi_delta=-0.1%
[2025-12-14T12:09:24.020917Z] ⚠️ INTEL-REDUCE XRPUSDT: Signal=LONG conflicts with weak Intel=SHORT (conf=0.48, mult=0.5)
[2025-12-14T12:11:33.682587Z] 📊 Enhanced intel ADAUSDT: dir=SHORT conf=0.44 funding=0.00435 oi_delta=-0.5%
[2025-12-14T12:11:33.682676Z] ⚠️ INTEL-REDUCE ADAUSDT: Signal=LONG conflicts with weak Intel=SHORT (conf=0.44, mult=0.5)
[2025-12-14T12:13:59.208209Z] 📊 Enhanced intel SOLUSDT: dir=NEUTRAL conf=0.28 funding=-0.00857 oi_delta=-0.2%
[2025-12-14T13:14:54.479245Z] 📊 Enhanced intel XRPUSDT: dir=NEUTRAL conf=0.28 funding=-0.00239 oi_delta=0.9%
[2025-12-14T13:17:08.353166Z] 📊 Enhanced intel ETHUSDT: dir=SHORT conf=0.44 funding=0.00708 oi_delta=0.7%
[2025-12-14T13:17:08.353247Z] ⚠️ INTEL-REDUCE ETHUSDT: Signal=LONG conflicts with weak Intel=SHORT (conf=0.44, mult=0.5)
[2025-12-14T13:26:00.157874Z] 📊 Enhanced intel DOGEUSDT: dir=SHORT conf=0.44 funding=0.00163 oi_delta=0.3%
[2025-12-14T13:26:00.158053Z] ✅ INTEL-CONFIRM DOGEUSDT: Signal=SHORT aligns with Intel=SHORT (conf=0.44, mult=1.13)
[2025-12-14T13:30:12.370198Z] 📊 Enhanced intel ADAUSDT: dir=SHORT conf=0.68 funding=0.00178 oi_delta=0.6%
[2025-12-14T13:30:12.370263Z] ✅ INTEL-CONFIRM ADAUSDT: Signal=SHORT aligns with Intel=SHORT (conf=0.68, mult=1.20)
[2025-12-14T13:30:15.320662Z] 📊 Enhanced intel XRPUSDT: dir=NEUTRAL conf=0.28 funding=-0.00313 oi_delta=0.5%
[2025-12-14T13:36:55.243171Z] 📊 Enhanced intel ADAUSDT: dir=SHORT conf=0.68 funding=0.00145 oi_delta=0.7%
[2025-12-14T13:36:55.243260Z] ❌ INTEL-BLOCK ADAUSDT: Signal=LONG conflicts with strong Intel=SHORT (conf=0.68)
[2025-12-14T13:49:20.207400Z] 📊 Enhanced intel XRPUSDT: dir=NEUTRAL conf=0.28 funding=-0.00373 oi_delta=-0.0%
[2025-12-14T13:51:21.753469Z] 📊 Enhanced intel XRPUSDT: dir=NEUTRAL conf=0.28 funding=-0.00380 oi_delta=0.1%
[2025-12-14T13:53:41.306487Z] 📊 Enhanced intel SOLUSDT: dir=NEUTRAL conf=0.04 funding=-0.01094 oi_delta=0.1%
[2025-12-14T13:58:06.977298Z] 📊 Enhanced intel ADAUSDT: dir=SHORT conf=0.68 funding=0.00115 oi_delta=0.5%
[2025-12-14T13:58:06.977462Z] ✅ INTEL-CONFIRM ADAUSDT: Signal=SHORT aligns with Intel=SHORT (conf=0.68, mult=1.20)
[2025-12-14T14:00:05.121149Z] 📊 Enhanced intel ADAUSDT: dir=SHORT conf=0.68 funding=0.00111 oi_delta=0.7%
[2025-12-14T14:00:05.121262Z] ❌ INTEL-BLOCK ADAUSDT: Signal=LONG conflicts with strong Intel=SHORT (conf=0.68)
[2025-12-14T14:02:11.311274Z] 📊 Enhanced intel ETHUSDT: dir=SHORT conf=0.44 funding=0.00705 oi_delta=0.4%
[2025-12-14T14:02:11.311358Z] ⚠️ INTEL-REDUCE ETHUSDT: Signal=LONG conflicts with weak Intel=SHORT (conf=0.44, mult=0.5)
[2025-12-14T14:04:24.627600Z] 📊 Enhanced intel ETHUSDT: dir=SHORT conf=0.44 funding=0.00722 oi_delta=0.3%
[2025-12-14T14:04:24.627718Z] ⚠️ INTEL-REDUCE ETHUSDT: Signal=LONG conflicts with weak Intel=SHORT (conf=0.44, mult=0.5)
[2025-12-14T14:06:39.912147Z] 📊 Enhanced intel ETHUSDT: dir=SHORT conf=0.44 funding=0.00719 oi_delta=0.3%
[2025-12-14T14:06:39.912237Z] ✅ INTEL-CONFIRM ETHUSDT: Signal=SHORT aligns with Intel=SHORT (conf=0.44, mult=1.13)
[2025-12-14T14:11:23.607914Z] 📊 Enhanced intel BTCUSDT: dir=SHORT conf=0.44 funding=0.00275 oi_delta=0.8%
[2025-12-14T14:11:23.608016Z] ⚠️ INTEL-REDUCE BTCUSDT: Signal=LONG conflicts with weak Intel=SHORT (conf=0.44, mult=0.5)
[2025-12-14T14:13:35.416034Z] 📊 Enhanced intel ADAUSDT: dir=SHORT conf=0.68 funding=0.00075 oi_delta=0.9%
[2025-12-14T14:13:35.416128Z] ❌ INTEL-BLOCK ADAUSDT: Signal=LONG conflicts with strong Intel=SHORT (conf=0.68)
[2025-12-14T14:15:56.111052Z] 📊 Enhanced intel DOGEUSDT: dir=SHORT conf=0.44 funding=0.00084 oi_delta=0.5%
[2025-12-14T14:15:56.111140Z] ⚠️ INTEL-REDUCE DOGEUSDT: Signal=LONG conflicts with weak Intel=SHORT (conf=0.44, mult=0.5)
[2025-12-14T14:39:54.958540Z] 📊 Enhanced intel ETHUSDT: dir=SHORT conf=0.44 funding=0.00709 oi_delta=-0.4%
[2025-12-14T14:39:54.958638Z] ⚠️ INTEL-REDUCE ETHUSDT: Signal=LONG conflicts with weak Intel=SHORT (conf=0.44, mult=0.5)
[2025-12-14T14:39:56.428661Z] 📊 Enhanced intel SOLUSDT: dir=NEUTRAL conf=0.04 funding=-0.01036 oi_delta=0.1%
[2025-12-14T14:41:59.702301Z] 📊 Enhanced intel DOGEUSDT: dir=SHORT conf=0.48 funding=-0.00027 oi_delta=0.6%
[2025-12-14T14:41:59.702427Z] ⚠️ INTEL-REDUCE DOGEUSDT: Signal=LONG conflicts with weak Intel=SHORT (conf=0.48, mult=0.5)
[2025-12-14T14:48:34.139805Z] 📊 Enhanced intel SOLUSDT: dir=NEUTRAL conf=0.04 funding=-0.01032 oi_delta=0.3%
[2025-12-14T14:50:35.891462Z] 📊 Enhanced intel ETHUSDT: dir=SHORT conf=0.44 funding=0.00732 oi_delta=-0.2%
[2025-12-14T14:50:35.891525Z] ⚠️ INTEL-REDUCE ETHUSDT: Signal=LONG conflicts with weak Intel=SHORT (conf=0.44, mult=0.5)
[2025-12-14T14:53:47.028108Z] 📊 Enhanced intel BNBUSDT: dir=NEUTRAL conf=0.24 funding=0.00028 oi_delta=-0.8%
[2025-12-14T15:01:49.211688Z] 📊 Enhanced intel AVAXUSDT: dir=NEUTRAL conf=0.04 funding=-0.01800 oi_delta=-0.1%
[2025-12-14T15:12:51.676899Z] 📊 Enhanced intel DOGEUSDT: dir=NEUTRAL conf=0.28 funding=-0.00081 oi_delta=0.3%
[2025-12-14T15:30:19.323858Z] 📊 Enhanced intel BTCUSDT: dir=SHORT conf=0.44 funding=0.00324 oi_delta=-0.1%
[2025-12-14T15:30:19.323982Z] ⚠️ INTEL-REDUCE BTCUSDT: Signal=LONG conflicts with weak Intel=SHORT (conf=0.44, mult=0.5)
[2025-12-14T15:32:30.349706Z] 📊 Enhanced intel ETHUSDT: dir=SHORT conf=0.44 funding=0.00796 oi_delta=-0.3%
[2025-12-14T15:32:30.349779Z] ⚠️ INTEL-REDUCE ETHUSDT: Signal=LONG conflicts with weak Intel=SHORT (conf=0.44, mult=0.5)
[2025-12-14T15:32:31.393075Z] 📊 Enhanced intel SOLUSDT: dir=NEUTRAL conf=0.04 funding=-0.00991 oi_delta=0.4%
[2025-12-14T15:34:38.302296Z] 📊 Enhanced intel BNBUSDT: dir=SHORT conf=0.44 funding=0.00108 oi_delta=-0.3%
[2025-12-14T15:34:38.302397Z] ⚠️ INTEL-REDUCE BNBUSDT: Signal=LONG conflicts with weak Intel=SHORT (conf=0.44, mult=0.5)
[2025-12-14T16:14:05.503567Z] 📊 Enhanced intel SOLUSDT: dir=NEUTRAL conf=0.04 funding=-0.00934 oi_delta=0.6%
[2025-12-14T16:16:31.013330Z] 📊 Enhanced intel SOLUSDT: dir=NEUTRAL conf=0.04 funding=-0.00935 oi_delta=0.6%
[2025-12-14T16:18:52.871067Z] 📊 Enhanced intel XRPUSDT: dir=NEUTRAL conf=0.28 funding=-0.00743 oi_delta=0.4%
[2025-12-14T16:23:10.731970Z] 📊 Enhanced intel ETHUSDT: dir=SHORT conf=0.44 funding=0.00834 oi_delta=0.4%
[2025-12-14T16:23:10.732055Z] ⚠️ INTEL-REDUCE ETHUSDT: Signal=LONG conflicts with weak Intel=SHORT (conf=0.44, mult=0.5)
[2025-12-14T16:27:59.139539Z] 📊 Enhanced intel BTCUSDT: dir=SHORT conf=0.44 funding=0.00417 oi_delta=0.2%
[2025-12-14T16:27:59.139654Z] ⚠️ INTEL-REDUCE BTCUSDT: Signal=LONG conflicts with weak Intel=SHORT (conf=0.44, mult=0.5)
[2025-12-14T16:30:24.155647Z] 📊 Enhanced intel AVAXUSDT: dir=NEUTRAL conf=0.04 funding=-0.01568 oi_delta=0.8%
[2025-12-14T16:30:24.915426Z] 📊 Enhanced intel ADAUSDT: dir=NEUTRAL conf=0.28 funding=-0.00154 oi_delta=1.2%
[2025-12-14T16:30:27.183245Z] 📊 Enhanced intel SOLUSDT: dir=NEUTRAL conf=0.04 funding=-0.00920 oi_delta=1.1%
[2025-12-14T16:33:00.389194Z] 📊 Enhanced intel ADAUSDT: dir=NEUTRAL conf=0.28 funding=-0.00161 oi_delta=1.2%
[2025-12-14T16:33:05.049656Z] 📊 Enhanced intel BTCUSDT: dir=SHORT conf=0.44 funding=0.00424 oi_delta=0.6%
[2025-12-14T16:33:05.049774Z] ⚠️ INTEL-REDUCE BTCUSDT: Signal=LONG conflicts with weak Intel=SHORT (conf=0.44, mult=0.5)
[2025-12-14T16:44:42.067116Z] 📊 Enhanced intel DOGEUSDT: dir=NEUTRAL conf=0.28 funding=-0.00272 oi_delta=0.1%
[2025-12-14T16:46:54.767291Z] 📊 Enhanced intel DOGEUSDT: dir=NEUTRAL conf=0.28 funding=-0.00272 oi_delta=0.4%
[2025-12-14T16:52:30.587832Z] 📊 Enhanced intel BNBUSDT: dir=SHORT conf=0.44 funding=0.00288 oi_delta=-1.3%
[2025-12-14T16:52:30.587970Z] ⚠️ INTEL-REDUCE BNBUSDT: Signal=LONG conflicts with weak Intel=SHORT (conf=0.44, mult=0.5)
[2025-12-14T16:57:27.021833Z] 📊 Enhanced intel BNBUSDT: dir=NEUTRAL conf=0.20 funding=0.00295 oi_delta=-0.3%
[2025-12-14T16:59:56.002759Z] 📊 Enhanced intel XRPUSDT: dir=NEUTRAL conf=0.04 funding=-0.00846 oi_delta=0.5%
[2025-12-14T17:16:47.978712Z] 📊 Enhanced intel ADAUSDT: dir=NEUTRAL conf=0.28 funding=-0.00293 oi_delta=-0.5%
[2025-12-14T17:16:48.961888Z] 📊 Enhanced intel AVAXUSDT: dir=NEUTRAL conf=0.04 funding=-0.01677 oi_delta=-1.8%
[2025-12-14T17:16:51.517592Z] 📊 Enhanced intel BTCUSDT: dir=SHORT conf=0.44 funding=0.00277 oi_delta=-0.6%
[2025-12-14T17:16:51.517681Z] ⚠️ INTEL-REDUCE BTCUSDT: Signal=LONG conflicts with weak Intel=SHORT (conf=0.44, mult=0.5)
[2025-12-14T17:42:22.866234Z] Intelligence poller started (interval=60s)
[2025-12-14T17:48:47.562226Z] Intelligence poller started (interval=60s)
[2025-12-14T17:57:53.554415Z] 📊 Enhanced intel ETHUSDT: dir=SHORT conf=0.44 funding=0.00916 oi_delta=0.0%
[2025-12-14T17:57:53.554513Z] ⚠️ INTEL-REDUCE ETHUSDT: Signal=LONG conflicts with weak Intel=SHORT (conf=0.44, mult=0.5)
[2025-12-15T17:18:12.044155Z] Intelligence poller started (interval=60s)
[2025-12-15T17:19:15.015764Z] 📊 Enhanced intel AVAXUSDT: dir=NEUTRAL conf=0.04 funding=-0.03559 oi_delta=-0.4%
[2025-12-15T17:26:47.634420Z] Intelligence poller started (interval=60s)
[2025-12-15T17:42:10.910377Z] Intelligence poller started (interval=60s)
[2025-12-15T17:55:09.798298Z] Intelligence poller started (interval=60s)
[2025-12-15T17:58:17.103947Z] Intelligence poller started (interval=60s)
[2025-12-15T18:00:34.802794Z] Intelligence poller started (interval=60s)
[2025-12-15T18:05:36.462641Z] Intelligence poller started (interval=60s)
[2025-12-15T18:18:51.139124Z] Intelligence poller started (interval=60s)
[2025-12-15T18:19:18.678109Z] Intelligence poller started (interval=60s)
[2025-12-15T18:20:19.614658Z] 📊 Enhanced intel BTCUSDT: dir=SHORT conf=0.44 funding=0.00704 oi_delta=-0.1%
[2025-12-15T18:20:19.614767Z] ⚠️ INTEL-REDUCE BTCUSDT: Signal=LONG conflicts with weak Intel=SHORT (conf=0.44, mult=0.5)
[2025-12-15T18:22:08.778336Z] 📊 Enhanced intel DOGEUSDT: dir=NEUTRAL conf=0.04 funding=-0.01009 oi_delta=-1.4%
[2025-12-15T18:25:51.755983Z] 📊 Enhanced intel DOGEUSDT: dir=NEUTRAL conf=0.04 funding=-0.01035 oi_delta=-1.6%
[2025-12-15T18:27:36.453524Z] 📊 Enhanced intel ETHUSDT: dir=SHORT conf=0.44 funding=0.00072 oi_delta=-1.7%
[2025-12-15T18:27:36.453644Z] ✅ INTEL-CONFIRM ETHUSDT: Signal=SHORT aligns with Intel=SHORT (conf=0.44, mult=1.13)
