nohup: ignoring input
/root/trading-bot/src/predictive_flow_engine.py:973: DeprecationWarning: datetime.datetime.utcnow() is deprecated and scheduled for removal in a future version. Use timezone-aware objects to represent datetimes in UTC: datetime.datetime.now(datetime.UTC).
  'ts': datetime.utcnow().isoformat()
============================================================
PREDICTIVE FLOW ENGINE - Test
============================================================

Paper Mode: True
Signal Thresholds: {
  "funding_min": 0.0001,
  "oi_velocity_min_pct": 0.5,
  "whale_flow_min_usd": 250000,
  "liquidation_min_usd": 50000,
  "fear_greed_fear_threshold": 15,
  "fear_greed_greed_threshold": 85
}
[PredictiveFlowEngine] Running in PAPER (relaxed) mode
[PredictiveFlowEngine] Signal thresholds: funding_min=0.0001, oi_min=0.5%, whale_min=$250,000, liq_min=$50,000

Symbol: BTC
Direction: NEUTRAL
Conviction: MEDIUM
Confidence: 0.53
Should Trade: False
Size Multiplier: 1.0
Aligned Signals: 4/6
Paper Mode: True

Reasons: rising_ofi_7.881, price_confirming, extreme_positive_funding_0.00135, crowded_longs_fade, elevated_long_liquidations

============================================================
Individual Signals:

  ofi_momentum:
    Signal: STRONG_LONG
    Confidence: 1.000
    Reasons: ['rising_ofi_7.881', 'price_confirming']

  funding:
    Signal: SHORT
    Confidence: 1.000
    Reasons: ['extreme_positive_funding_0.00135', 'crowded_longs_fade']

  oi_velocity:
    Signal: NEUTRAL
    Confidence: 0.000
    Reasons: ['insufficient_oi_history']

  liquidation:
    Signal: SHORT
    Confidence: 0.500
    Reasons: ['elevated_long_liquidations']

  whale_flow:
    Signal: LONG
    Confidence: 1.000
    Reasons: ['large_exchange_outflow_169.7M', 'accumulation']

  fear_greed:
    Signal: NEUTRAL
    Confidence: 0.000
    Reasons: ['neutral_sentiment']

  hurst:
    Signal: NEUTRAL
    Confidence: 0.000
    Reasons: ['hurst_calculation_failed']

  lead_lag:
    Signal: NEUTRAL
    Confidence: 0.000
    Reasons: ['lead_lag_calculation_failed']

  volatility_skew:
    Signal: NEUTRAL
    Confidence: 0.000
    Reasons: ['volatility_skew_failed']

  oi_divergence:
    Signal: NEUTRAL
    Confidence: 0.000
    Reasons: ['oi_divergence_failed']
